The system is: Linux - 3.18.120-perf-gd91300b - aarch64
Compiling the C compiler identification source file "CMakeCCompilerId.c" succeeded.
Compiler: /data/user/0/ru.iiec.cxxdroid/files/bin/clang 
Build flags: -Wall;-std=c99;-fallow-void-main
Id flags:  

The output was:
0


Compilation of the C compiler identification source "CMakeCCompilerId.c" produced "a.out"

The C compiler identification is Clang, found in "/storage/emulated/0/compiler-3.10.9/source/compiler/CMakeFiles/3.14.0-rc3/CompilerIdC/a.out"

Determining if the C compiler works passed with the following output:
Change Dir: /storage/emulated/0/compiler-3.10.9/source/compiler/CMakeFiles/CMakeTmp

Run Build Command(s):/data/user/0/ru.iiec.cxxdroid/files/bin/make cmTC_924a8/fast 
/data/user/0/ru.iiec.cxxdroid/files/bin/make -f CMakeFiles/cmTC_924a8.dir/build.make CMakeFiles/cmTC_924a8.dir/build
make[1]: Entering directory '/storage/emulated/0/compiler-3.10.9/source/compiler/CMakeFiles/CMakeTmp'
Building C object CMakeFiles/cmTC_924a8.dir/testCCompiler.c.o
/data/user/0/ru.iiec.cxxdroid/files/bin/clang   -Wall -std=c99 -fallow-void-main    -o CMakeFiles/cmTC_924a8.dir/testCCompiler.c.o   -c /storage/emulated/0/compiler-3.10.9/source/compiler/CMakeFiles/CMakeTmp/testCCompiler.c
Linking C executable cmTC_924a8
/data/data/ru.iiec.cxxdroid/files/bin/cmake -E cmake_link_script CMakeFiles/cmTC_924a8.dir/link.txt --verbose=1
/data/user/0/ru.iiec.cxxdroid/files/bin/clang -Wall -std=c99 -fallow-void-main     -rdynamic CMakeFiles/cmTC_924a8.dir/testCCompiler.c.o  -o cmTC_924a8 
make[1]: Leaving directory '/storage/emulated/0/compiler-3.10.9/source/compiler/CMakeFiles/CMakeTmp'


Detecting C compiler ABI info compiled with the following output:
Change Dir: /storage/emulated/0/compiler-3.10.9/source/compiler/CMakeFiles/CMakeTmp

Run Build Command(s):/data/user/0/ru.iiec.cxxdroid/files/bin/make cmTC_29585/fast 
/data/user/0/ru.iiec.cxxdroid/files/bin/make -f CMakeFiles/cmTC_29585.dir/build.make CMakeFiles/cmTC_29585.dir/build
make[1]: Entering directory '/storage/emulated/0/compiler-3.10.9/source/compiler/CMakeFiles/CMakeTmp'
Building C object CMakeFiles/cmTC_29585.dir/CMakeCCompilerABI.c.o
/data/user/0/ru.iiec.cxxdroid/files/bin/clang   -Wall -std=c99 -fallow-void-main    -v -o CMakeFiles/cmTC_29585.dir/CMakeCCompilerABI.c.o   -c /data/data/ru.iiec.cxxdroid/files/share/cmake-3.14/Modules/CMakeCCompilerABI.c
clang version 5.0.1 (tags/RELEASE_501/final)
Target: aarch64--linux-android21
Thread model: posix
InstalledDir: /data/user/0/ru.iiec.cxxdroid/files/bin
Found candidate GCC installation: /data/user/0/ru.iiec.cxxdroid/files/bin/../lib/gcc/aarch64-linux-android/4.9.x
Selected GCC installation: /data/user/0/ru.iiec.cxxdroid/files/bin/../lib/gcc/aarch64-linux-android/4.9.x
Candidate multilib: .;@m64
Selected multilib: .;@m64
 "/data/data/ru.iiec.cxxdroid/files/bin/clang-5.0" -cc1 -triple aarch64--linux-android21 -emit-obj -mrelax-all -disable-free -disable-llvm-verifier -discard-value-names -main-file-name CMakeCCompilerABI.c -mrelocation-model pic -pic-level 1 -mthread-model posix -mdisable-fp-elim -fmath-errno -masm-verbose -mconstructor-aliases -fuse-init-array -target-cpu generic -target-feature +neon -target-abi aapcs -backend-option -aarch64-fix-cortex-a53-835769=1 -v -dwarf-column-info -debugger-tuning=gdb -coverage-notes-file /storage/emulated/0/compiler-3.10.9/source/compiler/CMakeFiles/CMakeTmp/CMakeFiles/cmTC_29585.dir/CMakeCCompilerABI.c.gcno -resource-dir /data/data/ru.iiec.cxxdroid/files/lib/clang/5.0.1 -isysroot /data/user/0/ru.iiec.cxxdroid/files/sysroot -internal-isystem /data/user/0/ru.iiec.cxxdroid/files/sysroot/usr/local/include -internal-isystem /data/data/ru.iiec.cxxdroid/files/lib/clang/5.0.1/include -internal-externc-isystem /data/user/0/ru.iiec.cxxdroid/files/sysroot/include -internal-externc-isystem /data/user/0/ru.iiec.cxxdroid/files/sysroot/usr/include -Wall -std=c99 -fdebug-compilation-dir /storage/emulated/0/compiler-3.10.9/source/compiler/CMakeFiles/CMakeTmp -ferror-limit 19 -fmessage-length 0 -femulated-tls -fallow-half-arguments-and-returns -fallow-void-main -fno-signed-char -fobjc-runtime=gcc -fdiagnostics-show-option -o CMakeFiles/cmTC_29585.dir/CMakeCCompilerABI.c.o -x c /data/data/ru.iiec.cxxdroid/files/share/cmake-3.14/Modules/CMakeCCompilerABI.c
clang -cc1 version 5.0.1 based upon LLVM 5.0.1 default target aarch64--linux-android21
ignoring nonexistent directory "/data/user/0/ru.iiec.cxxdroid/files/sysroot/include"
#include "..." search starts here:
#include <...> search starts here:
 /data/user/0/ru.iiec.cxxdroid/files/sysroot/usr/local/include
 /data/data/ru.iiec.cxxdroid/files/lib/clang/5.0.1/include
 /data/user/0/ru.iiec.cxxdroid/files/sysroot/usr/include
End of search list.
Linking C executable cmTC_29585
/data/data/ru.iiec.cxxdroid/files/bin/cmake -E cmake_link_script CMakeFiles/cmTC_29585.dir/link.txt --verbose=1
/data/user/0/ru.iiec.cxxdroid/files/bin/clang -Wall -std=c99 -fallow-void-main    -v -rdynamic CMakeFiles/cmTC_29585.dir/CMakeCCompilerABI.c.o  -o cmTC_29585 
clang version 5.0.1 (tags/RELEASE_501/final)
Target: aarch64--linux-android21
Thread model: posix
InstalledDir: /data/user/0/ru.iiec.cxxdroid/files/bin
Found candidate GCC installation: /data/user/0/ru.iiec.cxxdroid/files/bin/../lib/gcc/aarch64-linux-android/4.9.x
Selected GCC installation: /data/user/0/ru.iiec.cxxdroid/files/bin/../lib/gcc/aarch64-linux-android/4.9.x
Candidate multilib: .;@m64
Selected multilib: .;@m64
 "/data/user/0/ru.iiec.cxxdroid/files/bin/ld" --sysroot=/data/user/0/ru.iiec.cxxdroid/files/sysroot -pie -export-dynamic --fix-cortex-a53-843419 --eh-frame-hdr -m aarch64linux -export-dynamic -dynamic-linker /system/bin/linker64 -o cmTC_29585 /data/user/0/ru.iiec.cxxdroid/files/sysroot/usr/lib/crtbegin_dynamic.o -L/data/user/0/ru.iiec.cxxdroid/files/bin/../lib/gcc/aarch64-linux-android/4.9.x -L/data/user/0/ru.iiec.cxxdroid/files/bin/../lib/gcc/aarch64-linux-android/4.9.x/../../../../aarch64-linux-android/lib -L/data/user/0/ru.iiec.cxxdroid/files/sysroot/usr/lib CMakeFiles/cmTC_29585.dir/CMakeCCompilerABI.c.o -lgcc -ldl -lc -lgcc -ldl /data/user/0/ru.iiec.cxxdroid/files/sysroot/usr/lib/crtend_android.o
make[1]: Leaving directory '/storage/emulated/0/compiler-3.10.9/source/compiler/CMakeFiles/CMakeTmp'


Parsed C implicit include dir info from above output: rv=done
  found start of include info
  found start of implicit include info
    add: [/data/user/0/ru.iiec.cxxdroid/files/sysroot/usr/local/include]
    add: [/data/data/ru.iiec.cxxdroid/files/lib/clang/5.0.1/include]
    add: [/data/user/0/ru.iiec.cxxdroid/files/sysroot/usr/include]
  end of search list found
  implicit include dirs: [/data/user/0/ru.iiec.cxxdroid/files/sysroot/usr/local/include;/data/data/ru.iiec.cxxdroid/files/lib/clang/5.0.1/include;/data/user/0/ru.iiec.cxxdroid/files/sysroot/usr/include]


Parsed C implicit link information from above output:
  link line regex: [^( *|.*[/\])(ld|CMAKE_LINK_STARTFILE-NOTFOUND|([^/\]+-)?ld|collect2)[^/\]*( |$)]
  ignore line: [Change Dir: /storage/emulated/0/compiler-3.10.9/source/compiler/CMakeFiles/CMakeTmp]
  ignore line: []
  ignore line: [Run Build Command(s):/data/user/0/ru.iiec.cxxdroid/files/bin/make cmTC_29585/fast ]
  ignore line: [/data/user/0/ru.iiec.cxxdroid/files/bin/make -f CMakeFiles/cmTC_29585.dir/build.make CMakeFiles/cmTC_29585.dir/build]
  ignore line: [make[1]: Entering directory '/storage/emulated/0/compiler-3.10.9/source/compiler/CMakeFiles/CMakeTmp']
  ignore line: [Building C object CMakeFiles/cmTC_29585.dir/CMakeCCompilerABI.c.o]
  ignore line: [/data/user/0/ru.iiec.cxxdroid/files/bin/clang   -Wall -std=c99 -fallow-void-main    -v -o CMakeFiles/cmTC_29585.dir/CMakeCCompilerABI.c.o   -c /data/data/ru.iiec.cxxdroid/files/share/cmake-3.14/Modules/CMakeCCompilerABI.c]
  ignore line: [clang version 5.0.1 (tags/RELEASE_501/final)]
  ignore line: [Target: aarch64--linux-android21]
  ignore line: [Thread model: posix]
  ignore line: [InstalledDir: /data/user/0/ru.iiec.cxxdroid/files/bin]
  ignore line: [Found candidate GCC installation: /data/user/0/ru.iiec.cxxdroid/files/bin/../lib/gcc/aarch64-linux-android/4.9.x]
  ignore line: [Selected GCC installation: /data/user/0/ru.iiec.cxxdroid/files/bin/../lib/gcc/aarch64-linux-android/4.9.x]
  ignore line: [Candidate multilib: .]
  ignore line: [@m64]
  ignore line: [Selected multilib: .]
  ignore line: [@m64]
  ignore line: [ "/data/data/ru.iiec.cxxdroid/files/bin/clang-5.0" -cc1 -triple aarch64--linux-android21 -emit-obj -mrelax-all -disable-free -disable-llvm-verifier -discard-value-names -main-file-name CMakeCCompilerABI.c -mrelocation-model pic -pic-level 1 -mthread-model posix -mdisable-fp-elim -fmath-errno -masm-verbose -mconstructor-aliases -fuse-init-array -target-cpu generic -target-feature +neon -target-abi aapcs -backend-option -aarch64-fix-cortex-a53-835769=1 -v -dwarf-column-info -debugger-tuning=gdb -coverage-notes-file /storage/emulated/0/compiler-3.10.9/source/compiler/CMakeFiles/CMakeTmp/CMakeFiles/cmTC_29585.dir/CMakeCCompilerABI.c.gcno -resource-dir /data/data/ru.iiec.cxxdroid/files/lib/clang/5.0.1 -isysroot /data/user/0/ru.iiec.cxxdroid/files/sysroot -internal-isystem /data/user/0/ru.iiec.cxxdroid/files/sysroot/usr/local/include -internal-isystem /data/data/ru.iiec.cxxdroid/files/lib/clang/5.0.1/include -internal-externc-isystem /data/user/0/ru.iiec.cxxdroid/files/sysroot/include -internal-externc-isystem /data/user/0/ru.iiec.cxxdroid/files/sysroot/usr/include -Wall -std=c99 -fdebug-compilation-dir /storage/emulated/0/compiler-3.10.9/source/compiler/CMakeFiles/CMakeTmp -ferror-limit 19 -fmessage-length 0 -femulated-tls -fallow-half-arguments-and-returns -fallow-void-main -fno-signed-char -fobjc-runtime=gcc -fdiagnostics-show-option -o CMakeFiles/cmTC_29585.dir/CMakeCCompilerABI.c.o -x c /data/data/ru.iiec.cxxdroid/files/share/cmake-3.14/Modules/CMakeCCompilerABI.c]
  ignore line: [clang -cc1 version 5.0.1 based upon LLVM 5.0.1 default target aarch64--linux-android21]
  ignore line: [ignoring nonexistent directory "/data/user/0/ru.iiec.cxxdroid/files/sysroot/include"]
  ignore line: [#include "..." search starts here:]
  ignore line: [#include <...> search starts here:]
  ignore line: [ /data/user/0/ru.iiec.cxxdroid/files/sysroot/usr/local/include]
  ignore line: [ /data/data/ru.iiec.cxxdroid/files/lib/clang/5.0.1/include]
  ignore line: [ /data/user/0/ru.iiec.cxxdroid/files/sysroot/usr/include]
  ignore line: [End of search list.]
  ignore line: [Linking C executable cmTC_29585]
  ignore line: [/data/data/ru.iiec.cxxdroid/files/bin/cmake -E cmake_link_script CMakeFiles/cmTC_29585.dir/link.txt --verbose=1]
  ignore line: [/data/user/0/ru.iiec.cxxdroid/files/bin/clang -Wall -std=c99 -fallow-void-main    -v -rdynamic CMakeFiles/cmTC_29585.dir/CMakeCCompilerABI.c.o  -o cmTC_29585 ]
  ignore line: [clang version 5.0.1 (tags/RELEASE_501/final)]
  ignore line: [Target: aarch64--linux-android21]
  ignore line: [Thread model: posix]
  ignore line: [InstalledDir: /data/user/0/ru.iiec.cxxdroid/files/bin]
  ignore line: [Found candidate GCC installation: /data/user/0/ru.iiec.cxxdroid/files/bin/../lib/gcc/aarch64-linux-android/4.9.x]
  ignore line: [Selected GCC installation: /data/user/0/ru.iiec.cxxdroid/files/bin/../lib/gcc/aarch64-linux-android/4.9.x]
  ignore line: [Candidate multilib: .]
  ignore line: [@m64]
  ignore line: [Selected multilib: .]
  ignore line: [@m64]
  link line: [ "/data/user/0/ru.iiec.cxxdroid/files/bin/ld" --sysroot=/data/user/0/ru.iiec.cxxdroid/files/sysroot -pie -export-dynamic --fix-cortex-a53-843419 --eh-frame-hdr -m aarch64linux -export-dynamic -dynamic-linker /system/bin/linker64 -o cmTC_29585 /data/user/0/ru.iiec.cxxdroid/files/sysroot/usr/lib/crtbegin_dynamic.o -L/data/user/0/ru.iiec.cxxdroid/files/bin/../lib/gcc/aarch64-linux-android/4.9.x -L/data/user/0/ru.iiec.cxxdroid/files/bin/../lib/gcc/aarch64-linux-android/4.9.x/../../../../aarch64-linux-android/lib -L/data/user/0/ru.iiec.cxxdroid/files/sysroot/usr/lib CMakeFiles/cmTC_29585.dir/CMakeCCompilerABI.c.o -lgcc -ldl -lc -lgcc -ldl /data/user/0/ru.iiec.cxxdroid/files/sysroot/usr/lib/crtend_android.o]
    arg [/data/user/0/ru.iiec.cxxdroid/files/bin/ld] ==> ignore
    arg [--sysroot=/data/user/0/ru.iiec.cxxdroid/files/sysroot] ==> ignore
    arg [-pie] ==> ignore
    arg [-export-dynamic] ==> ignore
    arg [--fix-cortex-a53-843419] ==> ignore
    arg [--eh-frame-hdr] ==> ignore
    arg [-m] ==> ignore
    arg [aarch64linux] ==> ignore
    arg [-export-dynamic] ==> ignore
    arg [-dynamic-linker] ==> ignore
    arg [/system/bin/linker64] ==> ignore
    arg [-o] ==> ignore
    arg [cmTC_29585] ==> ignore
    arg [/data/user/0/ru.iiec.cxxdroid/files/sysroot/usr/lib/crtbegin_dynamic.o] ==> ignore
    arg [-L/data/user/0/ru.iiec.cxxdroid/files/bin/../lib/gcc/aarch64-linux-android/4.9.x] ==> dir [/data/user/0/ru.iiec.cxxdroid/files/bin/../lib/gcc/aarch64-linux-android/4.9.x]
    arg [-L/data/user/0/ru.iiec.cxxdroid/files/bin/../lib/gcc/aarch64-linux-android/4.9.x/../../../../aarch64-linux-android/lib] ==> dir [/data/user/0/ru.iiec.cxxdroid/files/bin/../lib/gcc/aarch64-linux-android/4.9.x/../../../../aarch64-linux-android/lib]
    arg [-L/data/user/0/ru.iiec.cxxdroid/files/sysroot/usr/lib] ==> dir [/data/user/0/ru.iiec.cxxdroid/files/sysroot/usr/lib]
    arg [CMakeFiles/cmTC_29585.dir/CMakeCCompilerABI.c.o] ==> ignore
    arg [-lgcc] ==> lib [gcc]
    arg [-ldl] ==> lib [dl]
    arg [-lc] ==> lib [c]
    arg [-lgcc] ==> lib [gcc]
    arg [-ldl] ==> lib [dl]
    arg [/data/user/0/ru.iiec.cxxdroid/files/sysroot/usr/lib/crtend_android.o] ==> ignore
  collapse library dir [/data/user/0/ru.iiec.cxxdroid/files/bin/../lib/gcc/aarch64-linux-android/4.9.x] ==> [/data/user/0/ru.iiec.cxxdroid/files/lib/gcc/aarch64-linux-android/4.9.x]
  collapse library dir [/data/user/0/ru.iiec.cxxdroid/files/bin/../lib/gcc/aarch64-linux-android/4.9.x/../../../../aarch64-linux-android/lib] ==> [/data/user/0/ru.iiec.cxxdroid/files/aarch64-linux-android/lib]
  collapse library dir [/data/user/0/ru.iiec.cxxdroid/files/sysroot/usr/lib] ==> [/data/user/0/ru.iiec.cxxdroid/files/sysroot/usr/lib]
  implicit libs: [gcc;dl;c;gcc;dl]
  implicit dirs: [/data/user/0/ru.iiec.cxxdroid/files/lib/gcc/aarch64-linux-android/4.9.x;/data/user/0/ru.iiec.cxxdroid/files/aarch64-linux-android/lib;/data/user/0/ru.iiec.cxxdroid/files/sysroot/usr/lib]
  implicit fwks: []




Detecting C [-std=c11] compiler features compiled with the following output:
Change Dir: /storage/emulated/0/compiler-3.10.9/source/compiler/CMakeFiles/CMakeTmp

Run Build Command(s):/data/user/0/ru.iiec.cxxdroid/files/bin/make cmTC_81921/fast 
/data/user/0/ru.iiec.cxxdroid/files/bin/make -f CMakeFiles/cmTC_81921.dir/build.make CMakeFiles/cmTC_81921.dir/build
make[1]: Entering directory '/storage/emulated/0/compiler-3.10.9/source/compiler/CMakeFiles/CMakeTmp'
Building C object CMakeFiles/cmTC_81921.dir/feature_tests.c.o
/data/user/0/ru.iiec.cxxdroid/files/bin/clang   -Wall -std=c99 -fallow-void-main    -std=c11 -o CMakeFiles/cmTC_81921.dir/feature_tests.c.o   -c /storage/emulated/0/compiler-3.10.9/source/compiler/CMakeFiles/feature_tests.c
Linking C executable cmTC_81921
/data/data/ru.iiec.cxxdroid/files/bin/cmake -E cmake_link_script CMakeFiles/cmTC_81921.dir/link.txt --verbose=1
/data/user/0/ru.iiec.cxxdroid/files/bin/clang -Wall -std=c99 -fallow-void-main     -rdynamic CMakeFiles/cmTC_81921.dir/feature_tests.c.o  -o cmTC_81921 
make[1]: Leaving directory '/storage/emulated/0/compiler-3.10.9/source/compiler/CMakeFiles/CMakeTmp'


    Feature record: C_FEATURE:1c_function_prototypes
    Feature record: C_FEATURE:1c_restrict
    Feature record: C_FEATURE:1c_static_assert
    Feature record: C_FEATURE:1c_variadic_macros


Detecting C [-std=c99] compiler features compiled with the following output:
Change Dir: /storage/emulated/0/compiler-3.10.9/source/compiler/CMakeFiles/CMakeTmp

Run Build Command(s):/data/user/0/ru.iiec.cxxdroid/files/bin/make cmTC_78b96/fast 
/data/user/0/ru.iiec.cxxdroid/files/bin/make -f CMakeFiles/cmTC_78b96.dir/build.make CMakeFiles/cmTC_78b96.dir/build
make[1]: Entering directory '/storage/emulated/0/compiler-3.10.9/source/compiler/CMakeFiles/CMakeTmp'
Building C object CMakeFiles/cmTC_78b96.dir/feature_tests.c.o
/data/user/0/ru.iiec.cxxdroid/files/bin/clang   -Wall -std=c99 -fallow-void-main    -std=c99 -o CMakeFiles/cmTC_78b96.dir/feature_tests.c.o   -c /storage/emulated/0/compiler-3.10.9/source/compiler/CMakeFiles/feature_tests.c
Linking C executable cmTC_78b96
/data/data/ru.iiec.cxxdroid/files/bin/cmake -E cmake_link_script CMakeFiles/cmTC_78b96.dir/link.txt --verbose=1
/data/user/0/ru.iiec.cxxdroid/files/bin/clang -Wall -std=c99 -fallow-void-main     -rdynamic CMakeFiles/cmTC_78b96.dir/feature_tests.c.o  -o cmTC_78b96 
make[1]: Leaving directory '/storage/emulated/0/compiler-3.10.9/source/compiler/CMakeFiles/CMakeTmp'


    Feature record: C_FEATURE:1c_function_prototypes
    Feature record: C_FEATURE:1c_restrict
    Feature record: C_FEATURE:0c_static_assert
    Feature record: C_FEATURE:1c_variadic_macros


Detecting C [-std=c90] compiler features compiled with the following output:
Change Dir: /storage/emulated/0/compiler-3.10.9/source/compiler/CMakeFiles/CMakeTmp

Run Build Command(s):/data/user/0/ru.iiec.cxxdroid/files/bin/make cmTC_ff013/fast 
/data/user/0/ru.iiec.cxxdroid/files/bin/make -f CMakeFiles/cmTC_ff013.dir/build.make CMakeFiles/cmTC_ff013.dir/build
make[1]: Entering directory '/storage/emulated/0/compiler-3.10.9/source/compiler/CMakeFiles/CMakeTmp'
Building C object CMakeFiles/cmTC_ff013.dir/feature_tests.c.o
/data/user/0/ru.iiec.cxxdroid/files/bin/clang   -Wall -std=c99 -fallow-void-main    -std=c90 -o CMakeFiles/cmTC_ff013.dir/feature_tests.c.o   -c /storage/emulated/0/compiler-3.10.9/source/compiler/CMakeFiles/feature_tests.c
Linking C executable cmTC_ff013
/data/data/ru.iiec.cxxdroid/files/bin/cmake -E cmake_link_script CMakeFiles/cmTC_ff013.dir/link.txt --verbose=1
/data/user/0/ru.iiec.cxxdroid/files/bin/clang -Wall -std=c99 -fallow-void-main     -rdynamic CMakeFiles/cmTC_ff013.dir/feature_tests.c.o  -o cmTC_ff013 
make[1]: Leaving directory '/storage/emulated/0/compiler-3.10.9/source/compiler/CMakeFiles/CMakeTmp'


    Feature record: C_FEATURE:1c_function_prototypes
    Feature record: C_FEATURE:0c_restrict
    Feature record: C_FEATURE:0c_static_assert
    Feature record: C_FEATURE:0c_variadic_macros
Determining if the include file unistd.h exists passed with the following output:
Change Dir: /storage/emulated/0/compiler-3.10.9/source/compiler/CMakeFiles/CMakeTmp

Run Build Command(s):/data/user/0/ru.iiec.cxxdroid/files/bin/make cmTC_53780/fast 
/data/user/0/ru.iiec.cxxdroid/files/bin/make -f CMakeFiles/cmTC_53780.dir/build.make CMakeFiles/cmTC_53780.dir/build
make[1]: Entering directory '/storage/emulated/0/compiler-3.10.9/source/compiler/CMakeFiles/CMakeTmp'
Building C object CMakeFiles/cmTC_53780.dir/CheckIncludeFile.c.o
/data/user/0/ru.iiec.cxxdroid/files/bin/clang   -Wall -std=c99 -fallow-void-main    -o CMakeFiles/cmTC_53780.dir/CheckIncludeFile.c.o   -c /storage/emulated/0/compiler-3.10.9/source/compiler/CMakeFiles/CMakeTmp/CheckIncludeFile.c
Linking C executable cmTC_53780
/data/data/ru.iiec.cxxdroid/files/bin/cmake -E cmake_link_script CMakeFiles/cmTC_53780.dir/link.txt --verbose=1
/data/user/0/ru.iiec.cxxdroid/files/bin/clang -Wall -std=c99 -fallow-void-main     -rdynamic CMakeFiles/cmTC_53780.dir/CheckIncludeFile.c.o  -o cmTC_53780 
make[1]: Leaving directory '/storage/emulated/0/compiler-3.10.9/source/compiler/CMakeFiles/CMakeTmp'


Determining if the include file inttypes.h exists passed with the following output:
Change Dir: /storage/emulated/0/compiler-3.10.9/source/compiler/CMakeFiles/CMakeTmp

Run Build Command(s):/data/user/0/ru.iiec.cxxdroid/files/bin/make cmTC_5ef90/fast 
/data/user/0/ru.iiec.cxxdroid/files/bin/make -f CMakeFiles/cmTC_5ef90.dir/build.make CMakeFiles/cmTC_5ef90.dir/build
make[1]: Entering directory '/storage/emulated/0/compiler-3.10.9/source/compiler/CMakeFiles/CMakeTmp'
Building C object CMakeFiles/cmTC_5ef90.dir/CheckIncludeFile.c.o
/data/user/0/ru.iiec.cxxdroid/files/bin/clang   -Wall -std=c99 -fallow-void-main    -o CMakeFiles/cmTC_5ef90.dir/CheckIncludeFile.c.o   -c /storage/emulated/0/compiler-3.10.9/source/compiler/CMakeFiles/CMakeTmp/CheckIncludeFile.c
Linking C executable cmTC_5ef90
/data/data/ru.iiec.cxxdroid/files/bin/cmake -E cmake_link_script CMakeFiles/cmTC_5ef90.dir/link.txt --verbose=1
/data/user/0/ru.iiec.cxxdroid/files/bin/clang -Wall -std=c99 -fallow-void-main     -rdynamic CMakeFiles/cmTC_5ef90.dir/CheckIncludeFile.c.o  -o cmTC_5ef90 
make[1]: Leaving directory '/storage/emulated/0/compiler-3.10.9/source/compiler/CMakeFiles/CMakeTmp'


Determining if the include file stdint.h exists passed with the following output:
Change Dir: /storage/emulated/0/compiler-3.10.9/source/compiler/CMakeFiles/CMakeTmp

Run Build Command(s):/data/user/0/ru.iiec.cxxdroid/files/bin/make cmTC_4045c/fast 
/data/user/0/ru.iiec.cxxdroid/files/bin/make -f CMakeFiles/cmTC_4045c.dir/build.make CMakeFiles/cmTC_4045c.dir/build
make[1]: Entering directory '/storage/emulated/0/compiler-3.10.9/source/compiler/CMakeFiles/CMakeTmp'
Building C object CMakeFiles/cmTC_4045c.dir/CheckIncludeFile.c.o
/data/user/0/ru.iiec.cxxdroid/files/bin/clang   -Wall -std=c99 -fallow-void-main    -o CMakeFiles/cmTC_4045c.dir/CheckIncludeFile.c.o   -c /storage/emulated/0/compiler-3.10.9/source/compiler/CMakeFiles/CMakeTmp/CheckIncludeFile.c
Linking C executable cmTC_4045c
/data/data/ru.iiec.cxxdroid/files/bin/cmake -E cmake_link_script CMakeFiles/cmTC_4045c.dir/link.txt --verbose=1
/data/user/0/ru.iiec.cxxdroid/files/bin/clang -Wall -std=c99 -fallow-void-main     -rdynamic CMakeFiles/cmTC_4045c.dir/CheckIncludeFile.c.o  -o cmTC_4045c 
make[1]: Leaving directory '/storage/emulated/0/compiler-3.10.9/source/compiler/CMakeFiles/CMakeTmp'


Determining if the include file alloca.h exists passed with the following output:
Change Dir: /storage/emulated/0/compiler-3.10.9/source/compiler/CMakeFiles/CMakeTmp

Run Build Command(s):/data/user/0/ru.iiec.cxxdroid/files/bin/make cmTC_74bed/fast 
/data/user/0/ru.iiec.cxxdroid/files/bin/make -f CMakeFiles/cmTC_74bed.dir/build.make CMakeFiles/cmTC_74bed.dir/build
make[1]: Entering directory '/storage/emulated/0/compiler-3.10.9/source/compiler/CMakeFiles/CMakeTmp'
Building C object CMakeFiles/cmTC_74bed.dir/CheckIncludeFile.c.o
/data/user/0/ru.iiec.cxxdroid/files/bin/clang   -Wall -std=c99 -fallow-void-main    -o CMakeFiles/cmTC_74bed.dir/CheckIncludeFile.c.o   -c /storage/emulated/0/compiler-3.10.9/source/compiler/CMakeFiles/CMakeTmp/CheckIncludeFile.c
Linking C executable cmTC_74bed
/data/data/ru.iiec.cxxdroid/files/bin/cmake -E cmake_link_script CMakeFiles/cmTC_74bed.dir/link.txt --verbose=1
/data/user/0/ru.iiec.cxxdroid/files/bin/clang -Wall -std=c99 -fallow-void-main     -rdynamic CMakeFiles/cmTC_74bed.dir/CheckIncludeFile.c.o  -o cmTC_74bed 
make[1]: Leaving directory '/storage/emulated/0/compiler-3.10.9/source/compiler/CMakeFiles/CMakeTmp'


Determining if the include file endian.h exists passed with the following output:
Change Dir: /storage/emulated/0/compiler-3.10.9/source/compiler/CMakeFiles/CMakeTmp

Run Build Command(s):/data/user/0/ru.iiec.cxxdroid/files/bin/make cmTC_ff4a8/fast 
/data/user/0/ru.iiec.cxxdroid/files/bin/make -f CMakeFiles/cmTC_ff4a8.dir/build.make CMakeFiles/cmTC_ff4a8.dir/build
make[1]: Entering directory '/storage/emulated/0/compiler-3.10.9/source/compiler/CMakeFiles/CMakeTmp'
Building C object CMakeFiles/cmTC_ff4a8.dir/CheckIncludeFile.c.o
/data/user/0/ru.iiec.cxxdroid/files/bin/clang   -Wall -std=c99 -fallow-void-main    -o CMakeFiles/cmTC_ff4a8.dir/CheckIncludeFile.c.o   -c /storage/emulated/0/compiler-3.10.9/source/compiler/CMakeFiles/CMakeTmp/CheckIncludeFile.c
Linking C executable cmTC_ff4a8
/data/data/ru.iiec.cxxdroid/files/bin/cmake -E cmake_link_script CMakeFiles/cmTC_ff4a8.dir/link.txt --verbose=1
/data/user/0/ru.iiec.cxxdroid/files/bin/clang -Wall -std=c99 -fallow-void-main     -rdynamic CMakeFiles/cmTC_ff4a8.dir/CheckIncludeFile.c.o  -o cmTC_ff4a8 
make[1]: Leaving directory '/storage/emulated/0/compiler-3.10.9/source/compiler/CMakeFiles/CMakeTmp'


Determining if the function strlcpy exists passed with the following output:
Change Dir: /storage/emulated/0/compiler-3.10.9/source/compiler/CMakeFiles/CMakeTmp

Run Build Command(s):/data/user/0/ru.iiec.cxxdroid/files/bin/make cmTC_3aee7/fast 
/data/user/0/ru.iiec.cxxdroid/files/bin/make -f CMakeFiles/cmTC_3aee7.dir/build.make CMakeFiles/cmTC_3aee7.dir/build
make[1]: Entering directory '/storage/emulated/0/compiler-3.10.9/source/compiler/CMakeFiles/CMakeTmp'
Building C object CMakeFiles/cmTC_3aee7.dir/CheckFunctionExists.c.o
/data/user/0/ru.iiec.cxxdroid/files/bin/clang   -Wall -std=c99 -fallow-void-main -DCHECK_FUNCTION_EXISTS=strlcpy   -o CMakeFiles/cmTC_3aee7.dir/CheckFunctionExists.c.o   -c /data/data/ru.iiec.cxxdroid/files/share/cmake-3.14/Modules/CheckFunctionExists.c
Linking C executable cmTC_3aee7
/data/data/ru.iiec.cxxdroid/files/bin/cmake -E cmake_link_script CMakeFiles/cmTC_3aee7.dir/link.txt --verbose=1
/data/user/0/ru.iiec.cxxdroid/files/bin/clang -Wall -std=c99 -fallow-void-main -DCHECK_FUNCTION_EXISTS=strlcpy    -rdynamic CMakeFiles/cmTC_3aee7.dir/CheckFunctionExists.c.o  -o cmTC_3aee7 
make[1]: Leaving directory '/storage/emulated/0/compiler-3.10.9/source/compiler/CMakeFiles/CMakeTmp'


Determining if the function strlcat exists passed with the following output:
Change Dir: /storage/emulated/0/compiler-3.10.9/source/compiler/CMakeFiles/CMakeTmp

Run Build Command(s):/data/user/0/ru.iiec.cxxdroid/files/bin/make cmTC_9b065/fast 
/data/user/0/ru.iiec.cxxdroid/files/bin/make -f CMakeFiles/cmTC_9b065.dir/build.make CMakeFiles/cmTC_9b065.dir/build
make[1]: Entering directory '/storage/emulated/0/compiler-3.10.9/source/compiler/CMakeFiles/CMakeTmp'
Building C object CMakeFiles/cmTC_9b065.dir/CheckFunctionExists.c.o
/data/user/0/ru.iiec.cxxdroid/files/bin/clang   -Wall -std=c99 -fallow-void-main -DCHECK_FUNCTION_EXISTS=strlcat   -o CMakeFiles/cmTC_9b065.dir/CheckFunctionExists.c.o   -c /data/data/ru.iiec.cxxdroid/files/share/cmake-3.14/Modules/CheckFunctionExists.c
Linking C executable cmTC_9b065
/data/data/ru.iiec.cxxdroid/files/bin/cmake -E cmake_link_script CMakeFiles/cmTC_9b065.dir/link.txt --verbose=1
/data/user/0/ru.iiec.cxxdroid/files/bin/clang -Wall -std=c99 -fallow-void-main -DCHECK_FUNCTION_EXISTS=strlcat    -rdynamic CMakeFiles/cmTC_9b065.dir/CheckFunctionExists.c.o  -o cmTC_9b065 
make[1]: Leaving directory '/storage/emulated/0/compiler-3.10.9/source/compiler/CMakeFiles/CMakeTmp'


